<?xml version="1.0"?><coverage lines-covered="244" lines-valid="263" line-rate="0.9277566539923955" branches-covered="0" branches-valid="0" branch-rate="0" complexity="0" version="1.9" timestamp="1747617763"><sources><source>/home/user/Documents/GitHub/Marlin</source></sources><packages><package name="cli-bin/src/cli" line-rate="0" branch-rate="0" complexity="0"><classes></classes></package><package name="tui-bin/src" line-rate="0" branch-rate="0" complexity="0"><classes></classes></package><package name="cli-bin" line-rate="0" branch-rate="0" complexity="0"><classes></classes></package><package name="cli-bin/tests" line-rate="0" branch-rate="0" complexity="0"><classes></classes></package><package name="libmarlin/src" line-rate="0.9277566539923955" branch-rate="0" complexity="0"><classes><class name="config" filename="libmarlin/src/config.rs" line-rate="0.8823529411764706" branch-rate="0" complexity="0"><methods/><lines><line number="23" hits="2"/><line number="25" hits="2"/><line number="26" hits="2"/><line number="27" hits="4"/><line number="28" hits="2"/><line number="32" hits="1"/><line number="33" hits="1"/><line number="34" hits="1"/><line number="35" hits="1"/><line number="36" hits="1"/><line number="38" hits="2"/><line number="39" hits="2"/><line number="40" hits="1"/><line number="41" hits="1"/><line number="42" hits="1"/><line number="47" hits="0"/><line number="48" hits="0"/></lines></class><class name="lib" filename="libmarlin/src/lib.rs" line-rate="0.9333333333333333" branch-rate="0" complexity="0"><methods/><lines><line number="43" hits="1"/><line number="45" hits="1"/><line number="47" hits="2"/><line number="48" hits="2"/><line number="51" hits="4"/><line number="52" hits="2"/><line number="53" hits="1"/><line number="58" hits="1"/><line number="59" hits="2"/><line number="61" hits="1"/><line number="62" hits="2"/><line number="65" hits="2"/><line number="67" hits="4"/><line number="68" hits="2"/><line number="69" hits="1"/><line number="73" hits="1"/><line number="74" hits="1"/><line number="75" hits="2"/><line number="76" hits="1"/><line number="78" hits="1"/><line number="83" hits="1"/><line number="87" hits="1"/><line number="90" hits="1"/><line number="91" hits="1"/><line number="92" hits="2"/><line number="93" hits="1"/><line number="94" hits="2"/><line number="96" hits="1"/><line number="97" hits="2"/><line number="102" hits="2"/><line number="103" hits="2"/><line number="104" hits="0"/><line number="107" hits="2"/><line number="108" hits="4"/><line number="110" hits="2"/><line number="114" hits="1"/><line number="115" hits="3"/><line number="116" hits="2"/><line number="117" hits="2"/><line number="119" hits="0"/><line number="122" hits="2"/><line number="124" hits="2"/><line number="125" hits="2"/><line number="128" hits="1"/><line number="133" hits="1"/><line number="134" hits="1"/><line number="135" hits="3"/><line number="136" hits="1"/><line number="139" hits="2"/><line number="140" hits="1"/><line number="144" hits="1"/><line number="148" hits="1"/><line number="149" hits="1"/><line number="158" hits="2"/><line number="159" hits="3"/><line number="163" hits="4"/><line number="164" hits="1"/><line number="167" hits="1"/><line number="171" hits="1"/><line number="172" hits="1"/><line number="173" hits="2"/><line number="174" hits="4"/><line number="176" hits="1"/><line number="177" hits="3"/><line number="178" hits="2"/><line number="180" hits="2"/><line number="181" hits="0"/><line number="185" hits="2"/><line number="186" hits="3"/><line number="187" hits="2"/><line number="188" hits="2"/><line number="189" hits="1"/><line number="195" hits="1"/><line number="199" hits="0"/><line number="200" hits="0"/></lines></class><class name="logging" filename="libmarlin/src/logging.rs" line-rate="1" branch-rate="0" complexity="0"><methods/><lines><line number="6" hits="1"/><line number="7" hits="1"/><line number="11" hits="3"/><line number="14" hits="1"/></lines></class><class name="scan" filename="libmarlin/src/scan.rs" line-rate="0.9090909090909091" branch-rate="0" complexity="0"><methods/><lines><line number="13" hits="1"/><line number="14" hits="1"/><line number="15" hits="2"/><line number="25" hits="1"/><line number="26" hits="3"/><line number="29" hits="2"/><line number="31" hits="2"/><line number="33" hits="3"/><line number="34" hits="3"/><line number="39" hits="2"/><line number="40" hits="1"/><line number="41" hits="1"/><line number="42" hits="0"/><line number="43" hits="0"/><line number="46" hits="1"/><line number="47" hits="2"/><line number="48" hits="2"/><line number="49" hits="5"/><line number="52" hits="2"/><line number="53" hits="2"/><line number="54" hits="2"/><line number="55" hits="2"/></lines></class><class name="utils" filename="libmarlin/src/utils.rs" line-rate="0.9285714285714286" branch-rate="0" complexity="0"><methods/><lines><line number="12" hits="1"/><line number="14" hits="2"/><line number="15" hits="2"/><line number="16" hits="1"/><line number="19" hits="1"/><line number="20" hits="1"/><line number="23" hits="2"/><line number="24" hits="4"/><line number="29" hits="3"/><line number="33" hits="3"/><line number="35" hits="0"/><line number="38" hits="2"/><line number="39" hits="2"/><line number="41" hits="1"/></lines></class></classes></package><package name="libmarlin/src/db" line-rate="0.9312977099236641" branch-rate="0" complexity="0"><classes><class name="mod" filename="libmarlin/src/db/mod.rs" line-rate="0.9312977099236641" branch-rate="0" complexity="0"><methods/><lines><line number="33" hits="7"/><line number="34" hits="9"/><line number="35" hits="4"/><line number="36" hits="0"/><line number="38" hits="9"/><line number="39" hits="5"/><line number="42" hits="4"/><line number="44" hits="5"/><line number="45" hits="4"/><line number="51" hits="2"/><line number="53" hits="3"/><line number="61" hits="2"/><line number="64" hits="3"/><line number="66" hits="6"/><line number="67" hits="6"/><line number="70" hits="5"/><line number="73" hits="2"/><line number="76" hits="5"/><line number="77" hits="2"/><line number="81" hits="5"/><line number="82" hits="2"/><line number="86" hits="5"/><line number="87" hits="6"/><line number="88" hits="0"/><line number="90" hits="8"/><line number="92" hits="4"/><line number="96" hits="4"/><line number="99" hits="2"/><line number="100" hits="6"/><line number="101" hits="6"/><line number="102" hits="2"/><line number="105" hits="4"/><line number="106" hits="6"/><line number="110" hits="4"/><line number="111" hits="0"/><line number="114" hits="2"/><line number="115" hits="0"/><line number="118" hits="4"/><line number="123" hits="1"/><line number="124" hits="1"/><line number="125" hits="4"/><line number="126" hits="1"/><line number="128" hits="1"/><line number="130" hits="1"/><line number="132" hits="1"/><line number="133" hits="2"/><line number="135" hits="1"/><line number="137" hits="1"/><line number="140" hits="0"/><line number="141" hits="0"/><line number="142" hits="0"/><line number="147" hits="1"/><line number="148" hits="1"/><line number="154" hits="1"/><line number="156" hits="1"/><line number="161" hits="1"/><line number="162" hits="1"/><line number="166" hits="1"/><line number="168" hits="1"/><line number="171" hits="1"/><line number="172" hits="1"/><line number="177" hits="1"/><line number="179" hits="1"/><line number="182" hits="1"/><line number="188" hits="1"/><line number="191" hits="2"/><line number="192" hits="2"/><line number="193" hits="3"/><line number="196" hits="1"/><line number="197" hits="3"/><line number="198" hits="2"/><line number="199" hits="0"/><line number="200" hits="1"/><line number="203" hits="1"/><line number="211" hits="2"/><line number="212" hits="2"/><line number="213" hits="3"/><line number="216" hits="4"/><line number="217" hits="2"/><line number="220" hits="1"/><line number="223" hits="1"/><line number="227" hits="1"/><line number="229" hits="2"/><line number="237" hits="3"/><line number="238" hits="1"/><line number="241" hits="2"/><line number="242" hits="1"/><line number="247" hits="1"/><line number="248" hits="1"/><line number="250" hits="1"/><line number="252" hits="1"/><line number="254" hits="1"/><line number="255" hits="2"/><line number="260" hits="1"/><line number="261" hits="1"/><line number="264" hits="1"/><line number="266" hits="1"/><line number="269" hits="1"/><line number="270" hits="1"/><line number="279" hits="4"/><line number="280" hits="2"/><line number="281" hits="1"/><line number="286" hits="1"/><line number="287" hits="1"/><line number="291" hits="1"/><line number="293" hits="1"/><line number="296" hits="1"/><line number="297" hits="1"/><line number="299" hits="4"/><line number="300" hits="2"/><line number="301" hits="1"/><line number="304" hits="1"/><line number="305" hits="3"/><line number="307" hits="1"/><line number="308" hits="2"/><line number="310" hits="2"/><line number="315" hits="1"/><line number="316" hits="2"/><line number="317" hits="1"/><line number="319" hits="0"/><line number="321" hits="2"/><line number="323" hits="1"/><line number="324" hits="2"/><line number="326" hits="2"/><line number="327" hits="2"/><line number="329" hits="2"/><line number="330" hits="2"/><line number="331" hits="1"/><line number="334" hits="1"/><line number="335" hits="2"/><line number="336" hits="1"/></lines></class></classes></package><package name="cli-bin/src" line-rate="0" branch-rate="0" complexity="0"><classes></classes></package></packages></coverage>